<?xml version="1.0" encoding="utf-8"?><testsuites><testsuite name="pytest" errors="0" failures="0" skipped="0" tests="8" time="3.610" timestamp="2025-05-14T17:58:27.037138+03:00" hostname="Isamu"><testcase classname="atelie.tests.test_integration" name="test_full_order_flow" file="atelie\tests\test_integration.py" line="5" time="0.261" /><testcase classname="atelie.tests.test_integration" name="test_employee_dashboard_access" file="atelie\tests\test_integration.py" line="56" time="0.123" /><testcase classname="atelie.tests.test_models" name="test_user_model" file="atelie\tests\test_models.py" line="5" time="0.040" /><testcase classname="atelie.tests.test_models" name="test_product_model" file="atelie\tests\test_models.py" line="20" time="0.039" /><testcase classname="atelie.tests.test_models" name="test_order_model" file="atelie\tests\test_models.py" line="35" time="0.054" /><testcase classname="atelie.tests.test_routes" name="test_index_route" file="atelie\tests\test_routes.py" line="7" time="0.040" /><testcase classname="atelie.tests.test_routes" name="test_register_route" file="atelie\tests\test_routes.py" line="29" time="0.075" /><testcase classname="atelie.tests.test_routes" name="test_login_logout_route" file="atelie\tests\test_routes.py" line="68" time="0.063" /></testsuite></testsuites>